<?xml version="1.0" encoding="UTF-8"?>
<!-- Generated by org.testng.reporters.JUnitXMLReporter -->
<testsuite ignored="0" hostname="Z61" failures="0" tests="5" name="Default test" time="0.037" errors="0" timestamp="23 Feb 2023 12:27:15 GMT">
  <testcase classname="TestNG.LearnAttribute1" name="Signup" time="0.012"/>
  <testcase classname="TestNG.LearnAttribute1" name="Login" time="0.001"/>
  <testcase classname="TestNG.LearnAttribute1" name="SearchProduct" time="0.001"/>
  <testcase classname="TestNG.LearnAttribute1" name="AddtoCart" time="0.001"/>
  <testcase classname="TestNG.LearnAttribute1" name="Signout" time="0.001"/>
</testsuite> <!-- Default test -->
